[1003/140926.636:ERROR:simple_index_file.cc(302)] Could not create a directory to hold the index file
[1003/140926.905:INFO:CONSOLE(115)] "Event handler of 'x-storagemutated-1' event must be added on the initial evaluation of worker script.", source: https://static.whatsapp.net/rsrc.php/v4/y7/r/OHfjbGcdDZn.js (115)
[1003/140927.200:INFO:CONSOLE(0)] "Error with Permissions-Policy header: Feature xr-spatial-tracking's parameters are ignored.", source:  (0)
[1003/140927.200:INFO:CONSOLE(0)] "Error with Permissions-Policy header: Origin trial controlled feature not enabled: 'attribution-reporting'.", source:  (0)
[1003/140927.206:INFO:CONSOLE(0)] "Error with Permissions-Policy header: Unrecognized feature: 'compute-pressure'.", source:  (0)
[1003/140927.206:INFO:CONSOLE(0)] "Error with Permissions-Policy header: Origin trial controlled feature not enabled: 'interest-cohort'.", source:  (0)
[1003/140927.206:INFO:CONSOLE(0)] "Error with Permissions-Policy header: Unrecognized feature: 'private-state-token-issuance'.", source:  (0)
[1003/140927.206:INFO:CONSOLE(0)] "Error with Permissions-Policy header: Origin trial controlled feature not enabled: 'shared-storage'.", source:  (0)
[1003/140927.206:INFO:CONSOLE(0)] "Error with Permissions-Policy header: Unrecognized feature: 'shared-storage-select-url'.", source:  (0)
[1003/140927.207:INFO:CONSOLE(0)] "Error with Permissions-Policy header: Unrecognized feature: 'private-state-token-redemption'.", source:  (0)
[1003/140927.207:INFO:CONSOLE(0)] "Error with Permissions-Policy header: Unrecognized feature: 'unload'.", source:  (0)
[1003/140927.207:INFO:CONSOLE(0)] "Error with Permissions-Policy header: Unrecognized feature: 'window-management'.", source:  (0)
[1003/140927.207:INFO:CONSOLE(0)] "Document-Policy HTTP header: Unrecognized document policy feature name include-js-call-stacks-in-crash-reports.", source: https://web.whatsapp.com/ (0)
[1003/140928.952:ERROR:simple_index_file.cc(302)] Could not create a directory to hold the index file
[1003/140929.035:INFO:CONSOLE(115)] "Event handler of 'x-storagemutated-1' event must be added on the initial evaluation of worker script.", source: https://static.whatsapp.net/rsrc.php/v4/ye/r/dSE7e-dj2dQ.js (115)
[1003/140949.027:ERROR:simple_index_file.cc(302)] Could not create a directory to hold the index file
[1003/141019.058:ERROR:simple_index_file.cc(302)] Could not create a directory to hold the index file
[1003/141049.115:ERROR:simple_index_file.cc(302)] Could not create a directory to hold the index file
[1003/141119.140:ERROR:simple_index_file.cc(302)] Could not create a directory to hold the index file
[1003/141149.168:ERROR:simple_index_file.cc(302)] Could not create a directory to hold the index file
[1003/141219.207:ERROR:simple_index_file.cc(302)] Could not create a directory to hold the index file
[1003/141249.244:ERROR:simple_index_file.cc(302)] Could not create a directory to hold the index file
[1003/141319.268:ERROR:simple_index_file.cc(302)] Could not create a directory to hold the index file
[1003/141349.314:ERROR:simple_index_file.cc(302)] Could not create a directory to hold the index file
[1003/141419.352:ERROR:simple_index_file.cc(302)] Could not create a directory to hold the index file
[1003/141428.321:INFO:CONSOLE(115)] "Event handler of 'x-storagemutated-1' event must be added on the initial evaluation of worker script.", source: https://static.whatsapp.net/rsrc.php/v4/ye/r/dSE7e-dj2dQ.js (115)
[1003/141449.387:ERROR:simple_index_file.cc(302)] Could not create a directory to hold the index file
[1003/141519.424:ERROR:simple_index_file.cc(302)] Could not create a directory to hold the index file
[1003/141549.486:ERROR:simple_index_file.cc(302)] Could not create a directory to hold the index file
[1003/141619.519:ERROR:simple_index_file.cc(302)] Could not create a directory to hold the index file
[1003/141649.555:ERROR:simple_index_file.cc(302)] Could not create a directory to hold the index file
[1003/141719.596:ERROR:simple_index_file.cc(302)] Could not create a directory to hold the index file
[1003/141749.630:ERROR:simple_index_file.cc(302)] Could not create a directory to hold the index file
[1003/141819.679:ERROR:simple_index_file.cc(302)] Could not create a directory to hold the index file
[1003/141849.717:ERROR:simple_index_file.cc(302)] Could not create a directory to hold the index file
[1003/141919.753:ERROR:simple_index_file.cc(302)] Could not create a directory to hold the index file
[1003/141949.773:ERROR:simple_index_file.cc(302)] Could not create a directory to hold the index file
[1003/142019.809:ERROR:simple_index_file.cc(302)] Could not create a directory to hold the index file
[1003/142049.853:ERROR:simple_index_file.cc(302)] Could not create a directory to hold the index file
[1003/142119.885:ERROR:simple_index_file.cc(302)] Could not create a directory to hold the index file
[1003/142149.919:ERROR:simple_index_file.cc(302)] Could not create a directory to hold the index file
[1003/142219.960:ERROR:simple_index_file.cc(302)] Could not create a directory to hold the index file
[1003/142249.992:ERROR:simple_index_file.cc(302)] Could not create a directory to hold the index file
[1003/142320.056:ERROR:simple_index_file.cc(302)] Could not create a directory to hold the index file
[1003/142350.091:ERROR:simple_index_file.cc(302)] Could not create a directory to hold the index file
[1003/142420.140:ERROR:simple_index_file.cc(302)] Could not create a directory to hold the index file
[1003/142450.178:ERROR:simple_index_file.cc(302)] Could not create a directory to hold the index file
[1003/142520.214:ERROR:simple_index_file.cc(302)] Could not create a directory to hold the index file
[1003/142550.254:ERROR:simple_index_file.cc(302)] Could not create a directory to hold the index file
[1003/142620.294:ERROR:simple_index_file.cc(302)] Could not create a directory to hold the index file
[1003/142650.335:ERROR:simple_index_file.cc(302)] Could not create a directory to hold the index file
[1003/142720.365:ERROR:simple_index_file.cc(302)] Could not create a directory to hold the index file
[1003/142750.421:ERROR:simple_index_file.cc(302)] Could not create a directory to hold the index file
[1003/142820.449:ERROR:simple_index_file.cc(302)] Could not create a directory to hold the index file
[1003/142850.478:ERROR:simple_index_file.cc(302)] Could not create a directory to hold the index file
[1003/142920.511:ERROR:simple_index_file.cc(302)] Could not create a directory to hold the index file
[1003/142950.549:ERROR:simple_index_file.cc(302)] Could not create a directory to hold the index file
[1003/143020.582:ERROR:simple_index_file.cc(302)] Could not create a directory to hold the index file
[1003/143050.617:ERROR:simple_index_file.cc(302)] Could not create a directory to hold the index file
[1003/143120.637:ERROR:simple_index_file.cc(302)] Could not create a directory to hold the index file
[1003/143150.677:ERROR:simple_index_file.cc(302)] Could not create a directory to hold the index file
[1003/143220.714:ERROR:simple_index_file.cc(302)] Could not create a directory to hold the index file
[1003/143250.742:ERROR:simple_index_file.cc(302)] Could not create a directory to hold the index file
[1003/143320.782:ERROR:simple_index_file.cc(302)] Could not create a directory to hold the index file
[1003/143350.824:ERROR:simple_index_file.cc(302)] Could not create a directory to hold the index file
[1003/143420.870:ERROR:simple_index_file.cc(302)] Could not create a directory to hold the index file
[1003/143450.902:ERROR:simple_index_file.cc(302)] Could not create a directory to hold the index file
[1003/143520.938:ERROR:simple_index_file.cc(302)] Could not create a directory to hold the index file
[1003/143550.967:ERROR:simple_index_file.cc(302)] Could not create a directory to hold the index file
[1003/143621.006:ERROR:simple_index_file.cc(302)] Could not create a directory to hold the index file
[1003/143651.038:ERROR:simple_index_file.cc(302)] Could not create a directory to hold the index file
[1003/143721.079:ERROR:simple_index_file.cc(302)] Could not create a directory to hold the index file
[1003/143751.128:ERROR:simple_index_file.cc(302)] Could not create a directory to hold the index file
[1003/143821.161:ERROR:simple_index_file.cc(302)] Could not create a directory to hold the index file
[1003/143851.195:ERROR:simple_index_file.cc(302)] Could not create a directory to hold the index file
[1003/143921.235:ERROR:simple_index_file.cc(302)] Could not create a directory to hold the index file
[1003/143951.288:ERROR:simple_index_file.cc(302)] Could not create a directory to hold the index file
[1003/144021.310:ERROR:simple_index_file.cc(302)] Could not create a directory to hold the index file
[1003/144051.362:ERROR:simple_index_file.cc(302)] Could not create a directory to hold the index file
[1003/144121.400:ERROR:simple_index_file.cc(302)] Could not create a directory to hold the index file
[1003/144151.430:ERROR:simple_index_file.cc(302)] Could not create a directory to hold the index file
[1003/144221.481:ERROR:simple_index_file.cc(302)] Could not create a directory to hold the index file
[1003/144251.518:ERROR:simple_index_file.cc(302)] Could not create a directory to hold the index file
[1003/144321.543:ERROR:simple_index_file.cc(302)] Could not create a directory to hold the index file
[1003/144351.596:ERROR:simple_index_file.cc(302)] Could not create a directory to hold the index file
[1003/144421.643:ERROR:simple_index_file.cc(302)] Could not create a directory to hold the index file
[1003/144451.678:ERROR:simple_index_file.cc(302)] Could not create a directory to hold the index file
[1003/144521.709:ERROR:simple_index_file.cc(302)] Could not create a directory to hold the index file
[1003/144551.752:ERROR:simple_index_file.cc(302)] Could not create a directory to hold the index file
[1003/144621.787:ERROR:simple_index_file.cc(302)] Could not create a directory to hold the index file
[1003/144651.821:ERROR:simple_index_file.cc(302)] Could not create a directory to hold the index file
[1003/144721.861:ERROR:simple_index_file.cc(302)] Could not create a directory to hold the index file
[1003/144751.897:ERROR:simple_index_file.cc(302)] Could not create a directory to hold the index file
[1003/144821.941:ERROR:simple_index_file.cc(302)] Could not create a directory to hold the index file
[1003/144851.970:ERROR:simple_index_file.cc(302)] Could not create a directory to hold the index file
[1003/144921.997:ERROR:simple_index_file.cc(302)] Could not create a directory to hold the index file
[1003/144952.050:ERROR:simple_index_file.cc(302)] Could not create a directory to hold the index file
[1003/145022.100:ERROR:simple_index_file.cc(302)] Could not create a directory to hold the index file
[1003/145052.125:ERROR:simple_index_file.cc(302)] Could not create a directory to hold the index file
[1003/145122.176:ERROR:simple_index_file.cc(302)] Could not create a directory to hold the index file
[1003/145152.232:ERROR:simple_index_file.cc(302)] Could not create a directory to hold the index file
[1003/145222.276:ERROR:simple_index_file.cc(302)] Could not create a directory to hold the index file
[1003/145252.297:ERROR:simple_index_file.cc(302)] Could not create a directory to hold the index file
[1003/145322.349:ERROR:simple_index_file.cc(302)] Could not create a directory to hold the index file
[1003/145352.398:ERROR:simple_index_file.cc(302)] Could not create a directory to hold the index file
[1003/145422.441:ERROR:simple_index_file.cc(302)] Could not create a directory to hold the index file
[1003/145452.481:ERROR:simple_index_file.cc(302)] Could not create a directory to hold the index file
[1003/145522.518:ERROR:simple_index_file.cc(302)] Could not create a directory to hold the index file
[1003/145552.550:ERROR:simple_index_file.cc(302)] Could not create a directory to hold the index file
[1003/145622.585:ERROR:simple_index_file.cc(302)] Could not create a directory to hold the index file
[1003/145652.644:ERROR:simple_index_file.cc(302)] Could not create a directory to hold the index file
[1003/145722.677:ERROR:simple_index_file.cc(302)] Could not create a directory to hold the index file
[1003/145752.715:ERROR:simple_index_file.cc(302)] Could not create a directory to hold the index file
[1003/145822.764:ERROR:simple_index_file.cc(302)] Could not create a directory to hold the index file
[1003/145852.797:ERROR:simple_index_file.cc(302)] Could not create a directory to hold the index file
[1003/145922.835:ERROR:simple_index_file.cc(302)] Could not create a directory to hold the index file
[1003/145952.867:ERROR:simple_index_file.cc(302)] Could not create a directory to hold the index file
[1003/150022.925:ERROR:simple_index_file.cc(302)] Could not create a directory to hold the index file
[1003/150052.966:ERROR:simple_index_file.cc(302)] Could not create a directory to hold the index file
[1003/150123.008:ERROR:simple_index_file.cc(302)] Could not create a directory to hold the index file
[1003/150153.048:ERROR:simple_index_file.cc(302)] Could not create a directory to hold the index file
[1003/150223.089:ERROR:simple_index_file.cc(302)] Could not create a directory to hold the index file
[1003/150253.117:ERROR:simple_index_file.cc(302)] Could not create a directory to hold the index file
[1003/150323.155:ERROR:simple_index_file.cc(302)] Could not create a directory to hold the index file
[1003/150353.200:ERROR:simple_index_file.cc(302)] Could not create a directory to hold the index file
[1003/150423.245:ERROR:simple_index_file.cc(302)] Could not create a directory to hold the index file
[1003/150453.287:ERROR:simple_index_file.cc(302)] Could not create a directory to hold the index file
[1003/150523.327:ERROR:simple_index_file.cc(302)] Could not create a directory to hold the index file
[1003/150553.368:ERROR:simple_index_file.cc(302)] Could not create a directory to hold the index file
[1003/150623.417:ERROR:simple_index_file.cc(302)] Could not create a directory to hold the index file
[1003/150653.445:ERROR:simple_index_file.cc(302)] Could not create a directory to hold the index file
[1003/150723.497:ERROR:simple_index_file.cc(302)] Could not create a directory to hold the index file
[1003/150753.544:ERROR:simple_index_file.cc(302)] Could not create a directory to hold the index file
[1003/150823.579:ERROR:simple_index_file.cc(302)] Could not create a directory to hold the index file
[1003/150853.625:ERROR:simple_index_file.cc(302)] Could not create a directory to hold the index file
[1003/150923.665:ERROR:simple_index_file.cc(302)] Could not create a directory to hold the index file
[1003/150953.694:ERROR:simple_index_file.cc(302)] Could not create a directory to hold the index file
[1003/151023.732:ERROR:simple_index_file.cc(302)] Could not create a directory to hold the index file
[1003/151053.798:ERROR:simple_index_file.cc(302)] Could not create a directory to hold the index file
[1003/151123.830:ERROR:simple_index_file.cc(302)] Could not create a directory to hold the index file
[1003/151153.876:ERROR:simple_index_file.cc(302)] Could not create a directory to hold the index file
[1003/151223.912:ERROR:simple_index_file.cc(302)] Could not create a directory to hold the index file
[1003/151253.952:ERROR:simple_index_file.cc(302)] Could not create a directory to hold the index file
[1003/151324.000:ERROR:simple_index_file.cc(302)] Could not create a directory to hold the index file
[1003/151354.032:ERROR:simple_index_file.cc(302)] Could not create a directory to hold the index file
[1003/151424.065:ERROR:simple_index_file.cc(302)] Could not create a directory to hold the index file
[1003/151454.108:ERROR:simple_index_file.cc(302)] Could not create a directory to hold the index file
[1003/151524.163:ERROR:simple_index_file.cc(302)] Could not create a directory to hold the index file
[1003/151554.187:ERROR:simple_index_file.cc(302)] Could not create a directory to hold the index file
[1003/151624.237:ERROR:simple_index_file.cc(302)] Could not create a directory to hold the index file
[1003/151654.264:ERROR:simple_index_file.cc(302)] Could not create a directory to hold the index file
[1003/151724.306:ERROR:simple_index_file.cc(302)] Could not create a directory to hold the index file
[1003/151754.343:ERROR:simple_index_file.cc(302)] Could not create a directory to hold the index file
[1003/151824.389:ERROR:simple_index_file.cc(302)] Could not create a directory to hold the index file
[1003/151854.429:ERROR:simple_index_file.cc(302)] Could not create a directory to hold the index file
[1003/151924.471:ERROR:simple_index_file.cc(302)] Could not create a directory to hold the index file
[1003/151954.511:ERROR:simple_index_file.cc(302)] Could not create a directory to hold the index file
[1003/152024.542:ERROR:simple_index_file.cc(302)] Could not create a directory to hold the index file
[1003/152054.582:ERROR:simple_index_file.cc(302)] Could not create a directory to hold the index file
[1003/152124.626:ERROR:simple_index_file.cc(302)] Could not create a directory to hold the index file
[1003/152154.659:ERROR:simple_index_file.cc(302)] Could not create a directory to hold the index file
[1003/152224.684:ERROR:simple_index_file.cc(302)] Could not create a directory to hold the index file
[1003/152254.736:ERROR:simple_index_file.cc(302)] Could not create a directory to hold the index file
[1003/152324.765:ERROR:simple_index_file.cc(302)] Could not create a directory to hold the index file
[1003/152354.798:ERROR:simple_index_file.cc(302)] Could not create a directory to hold the index file
[1003/152424.832:ERROR:simple_index_file.cc(302)] Could not create a directory to hold the index file
[1003/152454.883:ERROR:simple_index_file.cc(302)] Could not create a directory to hold the index file
[1003/152524.916:ERROR:simple_index_file.cc(302)] Could not create a directory to hold the index file
[1003/152554.965:ERROR:simple_index_file.cc(302)] Could not create a directory to hold the index file
[1003/152624.995:ERROR:simple_index_file.cc(302)] Could not create a directory to hold the index file
[1003/152655.031:ERROR:simple_index_file.cc(302)] Could not create a directory to hold the index file
[1003/152725.073:ERROR:simple_index_file.cc(302)] Could not create a directory to hold the index file
[1003/152755.107:ERROR:simple_index_file.cc(302)] Could not create a directory to hold the index file
[1003/152825.165:ERROR:simple_index_file.cc(302)] Could not create a directory to hold the index file
[1003/152855.195:ERROR:simple_index_file.cc(302)] Could not create a directory to hold the index file
[1003/152925.223:ERROR:simple_index_file.cc(302)] Could not create a directory to hold the index file
[1003/152955.276:ERROR:simple_index_file.cc(302)] Could not create a directory to hold the index file
[1003/153025.317:ERROR:simple_index_file.cc(302)] Could not create a directory to hold the index file
[1003/153055.359:ERROR:simple_index_file.cc(302)] Could not create a directory to hold the index file
[1003/153125.384:ERROR:simple_index_file.cc(302)] Could not create a directory to hold the index file
[1003/153155.420:ERROR:simple_index_file.cc(302)] Could not create a directory to hold the index file
[1003/153225.463:ERROR:simple_index_file.cc(302)] Could not create a directory to hold the index file
[1003/153255.516:ERROR:simple_index_file.cc(302)] Could not create a directory to hold the index file
[1003/153325.554:ERROR:simple_index_file.cc(302)] Could not create a directory to hold the index file
[1003/153355.600:ERROR:simple_index_file.cc(302)] Could not create a directory to hold the index file
[1003/153425.639:ERROR:simple_index_file.cc(302)] Could not create a directory to hold the index file
[1003/153455.690:ERROR:simple_index_file.cc(302)] Could not create a directory to hold the index file
[1003/153525.724:ERROR:simple_index_file.cc(302)] Could not create a directory to hold the index file
[1003/153555.771:ERROR:simple_index_file.cc(302)] Could not create a directory to hold the index file
[1003/153625.807:ERROR:simple_index_file.cc(302)] Could not create a directory to hold the index file
[1003/153655.849:ERROR:simple_index_file.cc(302)] Could not create a directory to hold the index file
[1003/153725.885:ERROR:simple_index_file.cc(302)] Could not create a directory to hold the index file
[1003/153755.936:ERROR:simple_index_file.cc(302)] Could not create a directory to hold the index file
[1003/153825.974:ERROR:simple_index_file.cc(302)] Could not create a directory to hold the index file
[1003/153856.024:ERROR:simple_index_file.cc(302)] Could not create a directory to hold the index file
[1003/153926.061:ERROR:simple_index_file.cc(302)] Could not create a directory to hold the index file
[1003/153956.099:ERROR:simple_index_file.cc(302)] Could not create a directory to hold the index file
[1003/154026.129:ERROR:simple_index_file.cc(302)] Could not create a directory to hold the index file
[1003/154056.174:ERROR:simple_index_file.cc(302)] Could not create a directory to hold the index file
[1003/154126.226:ERROR:simple_index_file.cc(302)] Could not create a directory to hold the index file
[1003/154156.263:ERROR:simple_index_file.cc(302)] Could not create a directory to hold the index file
[1003/154226.299:ERROR:simple_index_file.cc(302)] Could not create a directory to hold the index file
[1003/154256.342:ERROR:simple_index_file.cc(302)] Could not create a directory to hold the index file
[1003/154326.370:ERROR:simple_index_file.cc(302)] Could not create a directory to hold the index file
[1003/154356.413:ERROR:simple_index_file.cc(302)] Could not create a directory to hold the index file
[1003/154426.462:ERROR:simple_index_file.cc(302)] Could not create a directory to hold the index file
[1003/154456.490:ERROR:simple_index_file.cc(302)] Could not create a directory to hold the index file
[1003/154526.517:ERROR:simple_index_file.cc(302)] Could not create a directory to hold the index file
[1003/154556.561:ERROR:simple_index_file.cc(302)] Could not create a directory to hold the index file
[1003/154626.601:ERROR:simple_index_file.cc(302)] Could not create a directory to hold the index file
[1003/154656.627:ERROR:simple_index_file.cc(302)] Could not create a directory to hold the index file
[1003/154726.667:ERROR:simple_index_file.cc(302)] Could not create a directory to hold the index file
[1003/154756.706:ERROR:simple_index_file.cc(302)] Could not create a directory to hold the index file
[1003/154826.732:ERROR:simple_index_file.cc(302)] Could not create a directory to hold the index file
[1003/154856.776:ERROR:simple_index_file.cc(302)] Could not create a directory to hold the index file
[1003/154926.803:ERROR:simple_index_file.cc(302)] Could not create a directory to hold the index file
[1003/154956.843:ERROR:simple_index_file.cc(302)] Could not create a directory to hold the index file
[1003/155026.870:ERROR:simple_index_file.cc(302)] Could not create a directory to hold the index file
[1003/155056.916:ERROR:simple_index_file.cc(302)] Could not create a directory to hold the index file
[1003/155126.953:ERROR:simple_index_file.cc(302)] Could not create a directory to hold the index file
[1003/155156.997:ERROR:simple_index_file.cc(302)] Could not create a directory to hold the index file
[1003/155227.039:ERROR:simple_index_file.cc(302)] Could not create a directory to hold the index file
[1003/155257.077:ERROR:simple_index_file.cc(302)] Could not create a directory to hold the index file
[1003/155327.127:ERROR:simple_index_file.cc(302)] Could not create a directory to hold the index file
[1003/155357.165:ERROR:simple_index_file.cc(302)] Could not create a directory to hold the index file
[1003/155427.212:ERROR:simple_index_file.cc(302)] Could not create a directory to hold the index file
[1003/155457.243:ERROR:simple_index_file.cc(302)] Could not create a directory to hold the index file
[1003/155527.287:ERROR:simple_index_file.cc(302)] Could not create a directory to hold the index file
[1003/155557.323:ERROR:simple_index_file.cc(302)] Could not create a directory to hold the index file
[1003/155627.361:ERROR:simple_index_file.cc(302)] Could not create a directory to hold the index file
[1003/155657.397:ERROR:simple_index_file.cc(302)] Could not create a directory to hold the index file
[1003/155727.433:ERROR:simple_index_file.cc(302)] Could not create a directory to hold the index file
[1003/155757.473:ERROR:simple_index_file.cc(302)] Could not create a directory to hold the index file
[1003/155827.518:ERROR:simple_index_file.cc(302)] Could not create a directory to hold the index file
[1003/155857.557:ERROR:simple_index_file.cc(302)] Could not create a directory to hold the index file
[1003/155927.605:ERROR:simple_index_file.cc(302)] Could not create a directory to hold the index file
[1003/155957.645:ERROR:simple_index_file.cc(302)] Could not create a directory to hold the index file
[1003/160027.685:ERROR:simple_index_file.cc(302)] Could not create a directory to hold the index file
[1003/160057.734:ERROR:simple_index_file.cc(302)] Could not create a directory to hold the index file
[1003/160127.781:ERROR:simple_index_file.cc(302)] Could not create a directory to hold the index file
[1003/160157.825:ERROR:simple_index_file.cc(302)] Could not create a directory to hold the index file
[1003/160227.866:ERROR:simple_index_file.cc(302)] Could not create a directory to hold the index file
[1003/160257.907:ERROR:simple_index_file.cc(302)] Could not create a directory to hold the index file
[1003/160327.940:ERROR:simple_index_file.cc(302)] Could not create a directory to hold the index file
[1003/160357.986:ERROR:simple_index_file.cc(302)] Could not create a directory to hold the index file
[1003/160428.028:ERROR:simple_index_file.cc(302)] Could not create a directory to hold the index file
[1003/160458.066:ERROR:simple_index_file.cc(302)] Could not create a directory to hold the index file
[1003/160528.104:ERROR:simple_index_file.cc(302)] Could not create a directory to hold the index file
[1003/160558.149:ERROR:simple_index_file.cc(302)] Could not create a directory to hold the index file
[1003/160628.176:ERROR:simple_index_file.cc(302)] Could not create a directory to hold the index file
[1003/160658.216:ERROR:simple_index_file.cc(302)] Could not create a directory to hold the index file
[1003/160728.265:ERROR:simple_index_file.cc(302)] Could not create a directory to hold the index file
[1003/160758.292:ERROR:simple_index_file.cc(302)] Could not create a directory to hold the index file
[1003/160828.331:ERROR:simple_index_file.cc(302)] Could not create a directory to hold the index file
[1003/160858.376:ERROR:simple_index_file.cc(302)] Could not create a directory to hold the index file
[1003/160928.407:ERROR:simple_index_file.cc(302)] Could not create a directory to hold the index file
[1003/160958.452:ERROR:simple_index_file.cc(302)] Could not create a directory to hold the index file
[1003/161028.479:ERROR:simple_index_file.cc(302)] Could not create a directory to hold the index file
[1003/161058.512:ERROR:simple_index_file.cc(302)] Could not create a directory to hold the index file
[1003/161128.546:ERROR:simple_index_file.cc(302)] Could not create a directory to hold the index file
[1003/161158.587:ERROR:simple_index_file.cc(302)] Could not create a directory to hold the index file
[1003/161228.615:ERROR:simple_index_file.cc(302)] Could not create a directory to hold the index file
[1003/161258.654:ERROR:simple_index_file.cc(302)] Could not create a directory to hold the index file
[1003/161328.708:ERROR:simple_index_file.cc(302)] Could not create a directory to hold the index file
[1003/161358.740:ERROR:simple_index_file.cc(302)] Could not create a directory to hold the index file
[1003/161428.771:ERROR:simple_index_file.cc(302)] Could not create a directory to hold the index file
[1003/161458.808:ERROR:simple_index_file.cc(302)] Could not create a directory to hold the index file
[1003/161528.843:ERROR:simple_index_file.cc(302)] Could not create a directory to hold the index file
[1003/161558.884:ERROR:simple_index_file.cc(302)] Could not create a directory to hold the index file
[1003/161628.924:ERROR:simple_index_file.cc(302)] Could not create a directory to hold the index file
[1003/161658.962:ERROR:simple_index_file.cc(302)] Could not create a directory to hold the index file
[1003/161729.003:ERROR:simple_index_file.cc(302)] Could not create a directory to hold the index file
[1003/161759.024:ERROR:simple_index_file.cc(302)] Could not create a directory to hold the index file
[1003/161829.065:ERROR:simple_index_file.cc(302)] Could not create a directory to hold the index file
[1003/161859.107:ERROR:simple_index_file.cc(302)] Could not create a directory to hold the index file
[1003/161929.149:ERROR:simple_index_file.cc(302)] Could not create a directory to hold the index file
[1003/161959.195:ERROR:simple_index_file.cc(302)] Could not create a directory to hold the index file
[1003/162029.231:ERROR:simple_index_file.cc(302)] Could not create a directory to hold the index file
[1003/162059.261:ERROR:simple_index_file.cc(302)] Could not create a directory to hold the index file
[1003/162129.288:ERROR:simple_index_file.cc(302)] Could not create a directory to hold the index file
[1003/162159.323:ERROR:simple_index_file.cc(302)] Could not create a directory to hold the index file
[1003/162229.372:ERROR:simple_index_file.cc(302)] Could not create a directory to hold the index file
[1003/162259.416:ERROR:simple_index_file.cc(302)] Could not create a directory to hold the index file
[1003/162329.452:ERROR:simple_index_file.cc(302)] Could not create a directory to hold the index file
[1003/162359.496:ERROR:simple_index_file.cc(302)] Could not create a directory to hold the index file
[1003/162429.543:ERROR:simple_index_file.cc(302)] Could not create a directory to hold the index file
[1003/162459.595:ERROR:simple_index_file.cc(302)] Could not create a directory to hold the index file
[1003/162529.635:ERROR:simple_index_file.cc(302)] Could not create a directory to hold the index file
[1003/162559.678:ERROR:simple_index_file.cc(302)] Could not create a directory to hold the index file
[1003/162629.722:ERROR:simple_index_file.cc(302)] Could not create a directory to hold the index file
[1003/162659.771:ERROR:simple_index_file.cc(302)] Could not create a directory to hold the index file
[1003/162729.807:ERROR:simple_index_file.cc(302)] Could not create a directory to hold the index file
[1003/162759.844:ERROR:simple_index_file.cc(302)] Could not create a directory to hold the index file
[1003/162829.879:ERROR:simple_index_file.cc(302)] Could not create a directory to hold the index file
[1003/162859.925:ERROR:simple_index_file.cc(302)] Could not create a directory to hold the index file
[1003/162929.958:ERROR:simple_index_file.cc(302)] Could not create a directory to hold the index file
[1003/162959.998:ERROR:simple_index_file.cc(302)] Could not create a directory to hold the index file
[1003/163030.048:ERROR:simple_index_file.cc(302)] Could not create a directory to hold the index file
[1003/163100.086:ERROR:simple_index_file.cc(302)] Could not create a directory to hold the index file
[1003/163130.127:ERROR:simple_index_file.cc(302)] Could not create a directory to hold the index file
[1003/163200.167:ERROR:simple_index_file.cc(302)] Could not create a directory to hold the index file
[1003/163230.206:ERROR:simple_index_file.cc(302)] Could not create a directory to hold the index file
[1003/163300.254:ERROR:simple_index_file.cc(302)] Could not create a directory to hold the index file
[1003/163330.294:ERROR:simple_index_file.cc(302)] Could not create a directory to hold the index file
[1003/163400.361:ERROR:simple_index_file.cc(302)] Could not create a directory to hold the index file
[1003/163430.387:ERROR:simple_index_file.cc(302)] Could not create a directory to hold the index file
[1003/163500.422:ERROR:simple_index_file.cc(302)] Could not create a directory to hold the index file
[1003/163530.471:ERROR:simple_index_file.cc(302)] Could not create a directory to hold the index file
[1003/163600.513:ERROR:simple_index_file.cc(302)] Could not create a directory to hold the index file
[1003/163630.544:ERROR:simple_index_file.cc(302)] Could not create a directory to hold the index file
[1003/163700.602:ERROR:simple_index_file.cc(302)] Could not create a directory to hold the index file
[1003/163730.626:ERROR:simple_index_file.cc(302)] Could not create a directory to hold the index file
[1003/163800.668:ERROR:simple_index_file.cc(302)] Could not create a directory to hold the index file
[1003/163830.705:ERROR:simple_index_file.cc(302)] Could not create a directory to hold the index file
[1003/163900.739:ERROR:simple_index_file.cc(302)] Could not create a directory to hold the index file
[1003/163930.760:ERROR:simple_index_file.cc(302)] Could not create a directory to hold the index file
[1003/164000.797:ERROR:simple_index_file.cc(302)] Could not create a directory to hold the index file
[1003/164030.840:ERROR:simple_index_file.cc(302)] Could not create a directory to hold the index file
[1003/164100.877:ERROR:simple_index_file.cc(302)] Could not create a directory to hold the index file
[1003/164130.908:ERROR:simple_index_file.cc(302)] Could not create a directory to hold the index file
[1003/164200.955:ERROR:simple_index_file.cc(302)] Could not create a directory to hold the index file
[1003/164231.009:ERROR:simple_index_file.cc(302)] Could not create a directory to hold the index file
[1003/164301.045:ERROR:simple_index_file.cc(302)] Could not create a directory to hold the index file
[1003/164331.085:ERROR:simple_index_file.cc(302)] Could not create a directory to hold the index file
[1003/164401.127:ERROR:simple_index_file.cc(302)] Could not create a directory to hold the index file
[1003/164431.165:ERROR:simple_index_file.cc(302)] Could not create a directory to hold the index file
[1003/164501.205:ERROR:simple_index_file.cc(302)] Could not create a directory to hold the index file
[1003/164531.244:ERROR:simple_index_file.cc(302)] Could not create a directory to hold the index file
[1003/164601.288:ERROR:simple_index_file.cc(302)] Could not create a directory to hold the index file
[1003/164631.378:ERROR:simple_index_file.cc(302)] Could not create a directory to hold the index file
[1003/164701.429:ERROR:simple_index_file.cc(302)] Could not create a directory to hold the index file
[1003/164731.477:ERROR:simple_index_file.cc(302)] Could not create a directory to hold the index file
[1003/164801.518:ERROR:simple_index_file.cc(302)] Could not create a directory to hold the index file
[1003/164831.564:ERROR:simple_index_file.cc(302)] Could not create a directory to hold the index file
[1003/164901.599:ERROR:simple_index_file.cc(302)] Could not create a directory to hold the index file
[1003/164931.650:ERROR:simple_index_file.cc(302)] Could not create a directory to hold the index file
[1003/165001.680:ERROR:simple_index_file.cc(302)] Could not create a directory to hold the index file
[1003/165031.726:ERROR:simple_index_file.cc(302)] Could not create a directory to hold the index file
[1003/165101.760:ERROR:simple_index_file.cc(302)] Could not create a directory to hold the index file
[1003/165131.809:ERROR:simple_index_file.cc(302)] Could not create a directory to hold the index file
[1003/165201.851:ERROR:simple_index_file.cc(302)] Could not create a directory to hold the index file
[1003/165231.887:ERROR:simple_index_file.cc(302)] Could not create a directory to hold the index file
[1003/165301.936:ERROR:simple_index_file.cc(302)] Could not create a directory to hold the index file
[1003/165331.983:ERROR:simple_index_file.cc(302)] Could not create a directory to hold the index file
[1003/165402.014:ERROR:simple_index_file.cc(302)] Could not create a directory to hold the index file
[1003/165432.066:ERROR:simple_index_file.cc(302)] Could not create a directory to hold the index file
[1003/165502.120:ERROR:simple_index_file.cc(302)] Could not create a directory to hold the index file
[1003/165532.159:ERROR:simple_index_file.cc(302)] Could not create a directory to hold the index file
[1003/165602.195:ERROR:simple_index_file.cc(302)] Could not create a directory to hold the index file
[1003/165632.238:ERROR:simple_index_file.cc(302)] Could not create a directory to hold the index file
[1003/165702.283:ERROR:simple_index_file.cc(302)] Could not create a directory to hold the index file
[1003/165732.334:ERROR:simple_index_file.cc(302)] Could not create a directory to hold the index file
[1003/165802.361:ERROR:simple_index_file.cc(302)] Could not create a directory to hold the index file
[1003/165832.404:ERROR:simple_index_file.cc(302)] Could not create a directory to hold the index file
[1003/165902.439:ERROR:simple_index_file.cc(302)] Could not create a directory to hold the index file
[1003/165932.477:ERROR:simple_index_file.cc(302)] Could not create a directory to hold the index file
[1003/170002.508:ERROR:simple_index_file.cc(302)] Could not create a directory to hold the index file
[1003/170032.546:ERROR:simple_index_file.cc(302)] Could not create a directory to hold the index file
[1003/170102.574:ERROR:simple_index_file.cc(302)] Could not create a directory to hold the index file
[1003/170132.603:ERROR:simple_index_file.cc(302)] Could not create a directory to hold the index file
[1003/170202.659:ERROR:simple_index_file.cc(302)] Could not create a directory to hold the index file
[1003/170232.694:ERROR:simple_index_file.cc(302)] Could not create a directory to hold the index file
[1003/170302.717:ERROR:simple_index_file.cc(302)] Could not create a directory to hold the index file
[1003/170332.768:ERROR:simple_index_file.cc(302)] Could not create a directory to hold the index file
[1003/170402.814:ERROR:simple_index_file.cc(302)] Could not create a directory to hold the index file
[1003/170432.845:ERROR:simple_index_file.cc(302)] Could not create a directory to hold the index file
[1003/170502.874:ERROR:simple_index_file.cc(302)] Could not create a directory to hold the index file
[1003/170532.931:ERROR:simple_index_file.cc(302)] Could not create a directory to hold the index file
[1003/170539.369:WARNING:dns_config_service_win.cc(584)] Failed to read DnsConfig.
[1003/170603.064:ERROR:simple_index_file.cc(302)] Could not create a directory to hold the index file
[1003/170633.102:ERROR:simple_index_file.cc(302)] Could not create a directory to hold the index file
[1003/170703.139:ERROR:simple_index_file.cc(302)] Could not create a directory to hold the index file
[1003/170733.178:ERROR:simple_index_file.cc(302)] Could not create a directory to hold the index file
[1003/170803.226:ERROR:simple_index_file.cc(302)] Could not create a directory to hold the index file
[1003/170833.271:ERROR:simple_index_file.cc(302)] Could not create a directory to hold the index file
[1003/170903.316:ERROR:simple_index_file.cc(302)] Could not create a directory to hold the index file
[1003/170933.350:ERROR:simple_index_file.cc(302)] Could not create a directory to hold the index file
[1003/171003.399:ERROR:simple_index_file.cc(302)] Could not create a directory to hold the index file
[1003/171033.438:ERROR:simple_index_file.cc(302)] Could not create a directory to hold the index file
[1003/171103.476:ERROR:simple_index_file.cc(302)] Could not create a directory to hold the index file
[1003/171133.509:ERROR:simple_index_file.cc(302)] Could not create a directory to hold the index file
[1003/171203.548:ERROR:simple_index_file.cc(302)] Could not create a directory to hold the index file
[1003/171233.614:ERROR:simple_index_file.cc(302)] Could not create a directory to hold the index file
[1003/171303.657:ERROR:simple_index_file.cc(302)] Could not create a directory to hold the index file
[1003/171333.706:ERROR:simple_index_file.cc(302)] Could not create a directory to hold the index file
[1003/171403.736:ERROR:simple_index_file.cc(302)] Could not create a directory to hold the index file
[1003/171433.769:ERROR:simple_index_file.cc(302)] Could not create a directory to hold the index file
[1003/171503.825:ERROR:simple_index_file.cc(302)] Could not create a directory to hold the index file
[1003/171533.879:ERROR:simple_index_file.cc(302)] Could not create a directory to hold the index file
[1003/171603.917:ERROR:simple_index_file.cc(302)] Could not create a directory to hold the index file
[1003/171633.971:ERROR:simple_index_file.cc(302)] Could not create a directory to hold the index file
[1003/171704.013:ERROR:simple_index_file.cc(302)] Could not create a directory to hold the index file
[1003/171734.059:ERROR:simple_index_file.cc(302)] Could not create a directory to hold the index file
[1003/171804.097:ERROR:simple_index_file.cc(302)] Could not create a directory to hold the index file
[1003/171834.128:ERROR:simple_index_file.cc(302)] Could not create a directory to hold the index file
[1003/171904.158:ERROR:simple_index_file.cc(302)] Could not create a directory to hold the index file
[1003/171934.208:ERROR:simple_index_file.cc(302)] Could not create a directory to hold the index file
[1003/172004.248:ERROR:simple_index_file.cc(302)] Could not create a directory to hold the index file
[1003/172034.289:ERROR:simple_index_file.cc(302)] Could not create a directory to hold the index file
[1003/172104.324:ERROR:simple_index_file.cc(302)] Could not create a directory to hold the index file
[1003/172134.388:ERROR:simple_index_file.cc(302)] Could not create a directory to hold the index file
[1003/172204.431:ERROR:simple_index_file.cc(302)] Could not create a directory to hold the index file
[1003/172234.460:ERROR:simple_index_file.cc(302)] Could not create a directory to hold the index file
[1003/172304.494:ERROR:simple_index_file.cc(302)] Could not create a directory to hold the index file
[1003/172334.521:ERROR:simple_index_file.cc(302)] Could not create a directory to hold the index file
[1003/172404.572:ERROR:simple_index_file.cc(302)] Could not create a directory to hold the index file
[1003/172434.601:ERROR:simple_index_file.cc(302)] Could not create a directory to hold the index file
[1003/172504.632:ERROR:simple_index_file.cc(302)] Could not create a directory to hold the index file
[1003/172534.664:ERROR:simple_index_file.cc(302)] Could not create a directory to hold the index file
[1003/172604.709:ERROR:simple_index_file.cc(302)] Could not create a directory to hold the index file
[1003/172634.755:ERROR:simple_index_file.cc(302)] Could not create a directory to hold the index file
[1003/172704.789:ERROR:simple_index_file.cc(302)] Could not create a directory to hold the index file
[1003/172734.828:ERROR:simple_index_file.cc(302)] Could not create a directory to hold the index file
[1003/172804.853:ERROR:simple_index_file.cc(302)] Could not create a directory to hold the index file
[1003/172834.884:ERROR:simple_index_file.cc(302)] Could not create a directory to hold the index file
[1003/172904.925:ERROR:simple_index_file.cc(302)] Could not create a directory to hold the index file
[1003/172934.967:ERROR:simple_index_file.cc(302)] Could not create a directory to hold the index file
[1003/173004.998:ERROR:simple_index_file.cc(302)] Could not create a directory to hold the index file
[1003/173035.034:ERROR:simple_index_file.cc(302)] Could not create a directory to hold the index file
[1003/173105.090:ERROR:simple_index_file.cc(302)] Could not create a directory to hold the index file
[1003/173135.132:ERROR:simple_index_file.cc(302)] Could not create a directory to hold the index file
[1003/173205.173:ERROR:simple_index_file.cc(302)] Could not create a directory to hold the index file
[1003/173235.204:ERROR:simple_index_file.cc(302)] Could not create a directory to hold the index file
[1003/173305.248:ERROR:simple_index_file.cc(302)] Could not create a directory to hold the index file
[1003/173335.275:ERROR:simple_index_file.cc(302)] Could not create a directory to hold the index file
[1003/173405.319:ERROR:simple_index_file.cc(302)] Could not create a directory to hold the index file
[1003/173435.360:ERROR:simple_index_file.cc(302)] Could not create a directory to hold the index file
[1003/173505.401:ERROR:simple_index_file.cc(302)] Could not create a directory to hold the index file
[1003/173535.439:ERROR:simple_index_file.cc(302)] Could not create a directory to hold the index file
[1003/173605.472:ERROR:simple_index_file.cc(302)] Could not create a directory to hold the index file
[1003/173635.523:ERROR:simple_index_file.cc(302)] Could not create a directory to hold the index file
[1003/173705.545:ERROR:simple_index_file.cc(302)] Could not create a directory to hold the index file
[1003/173735.599:ERROR:simple_index_file.cc(302)] Could not create a directory to hold the index file
[1003/173805.631:ERROR:simple_index_file.cc(302)] Could not create a directory to hold the index file
[1003/173835.665:ERROR:simple_index_file.cc(302)] Could not create a directory to hold the index file
[1003/173905.710:ERROR:simple_index_file.cc(302)] Could not create a directory to hold the index file
[1003/173935.756:ERROR:simple_index_file.cc(302)] Could not create a directory to hold the index file
[1003/174005.786:ERROR:simple_index_file.cc(302)] Could not create a directory to hold the index file
[1003/174035.822:ERROR:simple_index_file.cc(302)] Could not create a directory to hold the index file
[1003/174105.872:ERROR:simple_index_file.cc(302)] Could not create a directory to hold the index file
[1003/174135.909:ERROR:simple_index_file.cc(302)] Could not create a directory to hold the index file
[1003/174205.943:ERROR:simple_index_file.cc(302)] Could not create a directory to hold the index file
[1003/174235.979:ERROR:simple_index_file.cc(302)] Could not create a directory to hold the index file
[1003/174306.014:ERROR:simple_index_file.cc(302)] Could not create a directory to hold the index file
[1003/174336.062:ERROR:simple_index_file.cc(302)] Could not create a directory to hold the index file
[1003/174406.090:ERROR:simple_index_file.cc(302)] Could not create a directory to hold the index file
[1003/174436.137:ERROR:simple_index_file.cc(302)] Could not create a directory to hold the index file
[1003/174506.182:ERROR:simple_index_file.cc(302)] Could not create a directory to hold the index file
[1003/174536.218:ERROR:simple_index_file.cc(302)] Could not create a directory to hold the index file
[1003/174606.270:ERROR:simple_index_file.cc(302)] Could not create a directory to hold the index file
[1003/174636.300:ERROR:simple_index_file.cc(302)] Could not create a directory to hold the index file
[1003/174706.336:ERROR:simple_index_file.cc(302)] Could not create a directory to hold the index file
[1003/174736.377:ERROR:simple_index_file.cc(302)] Could not create a directory to hold the index file
[1003/174806.428:ERROR:simple_index_file.cc(302)] Could not create a directory to hold the index file
[1003/174836.455:ERROR:simple_index_file.cc(302)] Could not create a directory to hold the index file
[1003/174906.478:ERROR:simple_index_file.cc(302)] Could not create a directory to hold the index file
[1003/174936.525:ERROR:simple_index_file.cc(302)] Could not create a directory to hold the index file
[1003/175006.566:ERROR:simple_index_file.cc(302)] Could not create a directory to hold the index file
[1003/175036.593:ERROR:simple_index_file.cc(302)] Could not create a directory to hold the index file
[1003/175106.635:ERROR:simple_index_file.cc(302)] Could not create a directory to hold the index file
[1003/175136.679:ERROR:simple_index_file.cc(302)] Could not create a directory to hold the index file
[1003/175206.706:ERROR:simple_index_file.cc(302)] Could not create a directory to hold the index file
[1003/175236.741:ERROR:simple_index_file.cc(302)] Could not create a directory to hold the index file
[1003/175306.780:ERROR:simple_index_file.cc(302)] Could not create a directory to hold the index file
[1003/175336.817:ERROR:simple_index_file.cc(302)] Could not create a directory to hold the index file
[1003/175406.850:ERROR:simple_index_file.cc(302)] Could not create a directory to hold the index file
[1003/175436.898:ERROR:simple_index_file.cc(302)] Could not create a directory to hold the index file
[1003/175506.925:ERROR:simple_index_file.cc(302)] Could not create a directory to hold the index file
[1003/175536.974:ERROR:simple_index_file.cc(302)] Could not create a directory to hold the index file
[1003/175607.009:ERROR:simple_index_file.cc(302)] Could not create a directory to hold the index file
[1003/175637.038:ERROR:simple_index_file.cc(302)] Could not create a directory to hold the index file
[1003/175707.076:ERROR:simple_index_file.cc(302)] Could not create a directory to hold the index file
[1003/175737.125:ERROR:simple_index_file.cc(302)] Could not create a directory to hold the index file
[1003/175807.158:ERROR:simple_index_file.cc(302)] Could not create a directory to hold the index file
[1003/175837.197:ERROR:simple_index_file.cc(302)] Could not create a directory to hold the index file
[1003/175907.243:ERROR:simple_index_file.cc(302)] Could not create a directory to hold the index file
[1003/175937.268:ERROR:simple_index_file.cc(302)] Could not create a directory to hold the index file
[1003/180007.310:ERROR:simple_index_file.cc(302)] Could not create a directory to hold the index file
[1003/180037.349:ERROR:simple_index_file.cc(302)] Could not create a directory to hold the index file
[1003/180107.382:ERROR:simple_index_file.cc(302)] Could not create a directory to hold the index file
[1003/180137.421:ERROR:simple_index_file.cc(302)] Could not create a directory to hold the index file
[1003/180207.457:ERROR:simple_index_file.cc(302)] Could not create a directory to hold the index file
[1003/180237.490:ERROR:simple_index_file.cc(302)] Could not create a directory to hold the index file
[1003/180307.536:ERROR:simple_index_file.cc(302)] Could not create a directory to hold the index file
[1003/180337.585:ERROR:simple_index_file.cc(302)] Could not create a directory to hold the index file
[1003/180407.615:ERROR:simple_index_file.cc(302)] Could not create a directory to hold the index file
[1003/180437.648:ERROR:simple_index_file.cc(302)] Could not create a directory to hold the index file
[1003/180507.695:ERROR:simple_index_file.cc(302)] Could not create a directory to hold the index file
[1003/180537.735:ERROR:simple_index_file.cc(302)] Could not create a directory to hold the index file
[1003/180607.785:ERROR:simple_index_file.cc(302)] Could not create a directory to hold the index file
[1003/180637.828:ERROR:simple_index_file.cc(302)] Could not create a directory to hold the index file
[1003/180707.872:ERROR:simple_index_file.cc(302)] Could not create a directory to hold the index file
[1003/180737.919:ERROR:simple_index_file.cc(302)] Could not create a directory to hold the index file
[1003/180807.959:ERROR:simple_index_file.cc(302)] Could not create a directory to hold the index file
[1003/180837.990:ERROR:simple_index_file.cc(302)] Could not create a directory to hold the index file
[1003/180908.022:ERROR:simple_index_file.cc(302)] Could not create a directory to hold the index file
[1003/180938.061:ERROR:simple_index_file.cc(302)] Could not create a directory to hold the index file
[1003/181008.096:ERROR:simple_index_file.cc(302)] Could not create a directory to hold the index file
[1003/181038.142:ERROR:simple_index_file.cc(302)] Could not create a directory to hold the index file
[1003/181108.181:ERROR:simple_index_file.cc(302)] Could not create a directory to hold the index file
[1003/181138.213:ERROR:simple_index_file.cc(302)] Could not create a directory to hold the index file
[1003/181208.252:ERROR:simple_index_file.cc(302)] Could not create a directory to hold the index file
[1003/181238.299:ERROR:simple_index_file.cc(302)] Could not create a directory to hold the index file
[1003/181308.335:ERROR:simple_index_file.cc(302)] Could not create a directory to hold the index file
[1003/181338.373:ERROR:simple_index_file.cc(302)] Could not create a directory to hold the index file
[1003/181408.427:ERROR:simple_index_file.cc(302)] Could not create a directory to hold the index file
[1003/181438.462:ERROR:simple_index_file.cc(302)] Could not create a directory to hold the index file
[1003/181508.507:ERROR:simple_index_file.cc(302)] Could not create a directory to hold the index file
[1003/181538.544:ERROR:simple_index_file.cc(302)] Could not create a directory to hold the index file
[1003/181608.578:ERROR:simple_index_file.cc(302)] Could not create a directory to hold the index file
[1003/181638.624:ERROR:simple_index_file.cc(302)] Could not create a directory to hold the index file
[1003/181708.657:ERROR:simple_index_file.cc(302)] Could not create a directory to hold the index file
[1003/181738.693:ERROR:simple_index_file.cc(302)] Could not create a directory to hold the index file
[1003/181808.730:ERROR:simple_index_file.cc(302)] Could not create a directory to hold the index file
[1003/181838.772:ERROR:simple_index_file.cc(302)] Could not create a directory to hold the index file
[1003/181908.811:ERROR:simple_index_file.cc(302)] Could not create a directory to hold the index file
[1003/181938.850:ERROR:simple_index_file.cc(302)] Could not create a directory to hold the index file
[1003/182008.892:ERROR:simple_index_file.cc(302)] Could not create a directory to hold the index file
[1003/182038.930:ERROR:simple_index_file.cc(302)] Could not create a directory to hold the index file
[1003/182108.969:ERROR:simple_index_file.cc(302)] Could not create a directory to hold the index file
[1003/182139.011:ERROR:simple_index_file.cc(302)] Could not create a directory to hold the index file
[1003/182209.030:ERROR:simple_index_file.cc(302)] Could not create a directory to hold the index file
[1003/182239.081:ERROR:simple_index_file.cc(302)] Could not create a directory to hold the index file
[1003/182309.121:ERROR:simple_index_file.cc(302)] Could not create a directory to hold the index file
[1003/182339.171:ERROR:simple_index_file.cc(302)] Could not create a directory to hold the index file
[1003/182409.200:ERROR:simple_index_file.cc(302)] Could not create a directory to hold the index file
[1003/182439.239:ERROR:simple_index_file.cc(302)] Could not create a directory to hold the index file
[1003/182509.285:ERROR:simple_index_file.cc(302)] Could not create a directory to hold the index file
[1003/182539.328:ERROR:simple_index_file.cc(302)] Could not create a directory to hold the index file
[1003/182609.359:ERROR:simple_index_file.cc(302)] Could not create a directory to hold the index file
[1003/182639.399:ERROR:simple_index_file.cc(302)] Could not create a directory to hold the index file
[1003/182709.452:ERROR:simple_index_file.cc(302)] Could not create a directory to hold the index file
[1003/182739.476:ERROR:simple_index_file.cc(302)] Could not create a directory to hold the index file
[1003/182809.513:ERROR:simple_index_file.cc(302)] Could not create a directory to hold the index file
[1003/182839.561:ERROR:simple_index_file.cc(302)] Could not create a directory to hold the index file
[1003/182909.591:ERROR:simple_index_file.cc(302)] Could not create a directory to hold the index file
[1003/182939.629:ERROR:simple_index_file.cc(302)] Could not create a directory to hold the index file
[1003/183009.670:ERROR:simple_index_file.cc(302)] Could not create a directory to hold the index file
[1003/183039.704:ERROR:simple_index_file.cc(302)] Could not create a directory to hold the index file
[1003/183109.739:ERROR:simple_index_file.cc(302)] Could not create a directory to hold the index file
[1003/183139.794:ERROR:simple_index_file.cc(302)] Could not create a directory to hold the index file
[1003/183209.835:ERROR:simple_index_file.cc(302)] Could not create a directory to hold the index file
[1003/183239.854:ERROR:simple_index_file.cc(302)] Could not create a directory to hold the index file
[1003/183309.909:ERROR:simple_index_file.cc(302)] Could not create a directory to hold the index file
[1003/183339.939:ERROR:simple_index_file.cc(302)] Could not create a directory to hold the index file
[1003/183409.972:ERROR:simple_index_file.cc(302)] Could not create a directory to hold the index file
[1003/183440.011:ERROR:simple_index_file.cc(302)] Could not create a directory to hold the index file
[1003/183510.052:ERROR:simple_index_file.cc(302)] Could not create a directory to hold the index file
[1003/183540.099:ERROR:simple_index_file.cc(302)] Could not create a directory to hold the index file
[1003/183610.133:ERROR:simple_index_file.cc(302)] Could not create a directory to hold the index file
[1003/183640.181:ERROR:simple_index_file.cc(302)] Could not create a directory to hold the index file
[1003/183710.228:ERROR:simple_index_file.cc(302)] Could not create a directory to hold the index file
[1003/183740.263:ERROR:simple_index_file.cc(302)] Could not create a directory to hold the index file
[1003/183810.304:ERROR:simple_index_file.cc(302)] Could not create a directory to hold the index file
[1003/183840.342:ERROR:simple_index_file.cc(302)] Could not create a directory to hold the index file
[1003/183910.382:ERROR:simple_index_file.cc(302)] Could not create a directory to hold the index file
[1003/183940.413:ERROR:simple_index_file.cc(302)] Could not create a directory to hold the index file
[1003/184010.459:ERROR:simple_index_file.cc(302)] Could not create a directory to hold the index file
[1003/184040.489:ERROR:simple_index_file.cc(302)] Could not create a directory to hold the index file
[1003/184110.538:ERROR:simple_index_file.cc(302)] Could not create a directory to hold the index file
[1003/184140.576:ERROR:simple_index_file.cc(302)] Could not create a directory to hold the index file
[1003/184210.598:ERROR:simple_index_file.cc(302)] Could not create a directory to hold the index file
[1003/184240.638:ERROR:simple_index_file.cc(302)] Could not create a directory to hold the index file
[1003/184310.683:ERROR:simple_index_file.cc(302)] Could not create a directory to hold the index file
[1003/184340.733:ERROR:simple_index_file.cc(302)] Could not create a directory to hold the index file
[1003/184410.768:ERROR:simple_index_file.cc(302)] Could not create a directory to hold the index file
[1003/184440.802:ERROR:simple_index_file.cc(302)] Could not create a directory to hold the index file
[1003/184510.832:ERROR:simple_index_file.cc(302)] Could not create a directory to hold the index file
[1003/184540.876:ERROR:simple_index_file.cc(302)] Could not create a directory to hold the index file
[1003/184610.915:ERROR:simple_index_file.cc(302)] Could not create a directory to hold the index file
[1003/184640.948:ERROR:simple_index_file.cc(302)] Could not create a directory to hold the index file
[1003/184710.996:ERROR:simple_index_file.cc(302)] Could not create a directory to hold the index file
[1003/184741.026:ERROR:simple_index_file.cc(302)] Could not create a directory to hold the index file
[1003/184811.057:ERROR:simple_index_file.cc(302)] Could not create a directory to hold the index file
[1003/184841.091:ERROR:simple_index_file.cc(302)] Could not create a directory to hold the index file
[1003/184911.147:ERROR:simple_index_file.cc(302)] Could not create a directory to hold the index file
[1003/184941.197:ERROR:simple_index_file.cc(302)] Could not create a directory to hold the index file
[1003/185011.226:ERROR:simple_index_file.cc(302)] Could not create a directory to hold the index file
[1003/185041.264:ERROR:simple_index_file.cc(302)] Could not create a directory to hold the index file
[1003/185111.298:ERROR:simple_index_file.cc(302)] Could not create a directory to hold the index file
[1003/185141.340:ERROR:simple_index_file.cc(302)] Could not create a directory to hold the index file
[1003/185211.373:ERROR:simple_index_file.cc(302)] Could not create a directory to hold the index file
[1003/185241.415:ERROR:simple_index_file.cc(302)] Could not create a directory to hold the index file
[1003/185311.442:ERROR:simple_index_file.cc(302)] Could not create a directory to hold the index file
[1003/185341.488:ERROR:simple_index_file.cc(302)] Could not create a directory to hold the index file
[1003/185411.521:ERROR:simple_index_file.cc(302)] Could not create a directory to hold the index file
[1003/185441.572:ERROR:simple_index_file.cc(302)] Could not create a directory to hold the index file
[1003/185511.605:ERROR:simple_index_file.cc(302)] Could not create a directory to hold the index file
[1003/185541.648:ERROR:simple_index_file.cc(302)] Could not create a directory to hold the index file
[1003/185611.681:ERROR:simple_index_file.cc(302)] Could not create a directory to hold the index file
[1003/185641.722:ERROR:simple_index_file.cc(302)] Could not create a directory to hold the index file
[1003/185711.765:ERROR:simple_index_file.cc(302)] Could not create a directory to hold the index file
[1003/185741.819:ERROR:simple_index_file.cc(302)] Could not create a directory to hold the index file
[1003/185811.856:ERROR:simple_index_file.cc(302)] Could not create a directory to hold the index file
[1003/185841.894:ERROR:simple_index_file.cc(302)] Could not create a directory to hold the index file
[1003/185911.924:ERROR:simple_index_file.cc(302)] Could not create a directory to hold the index file
[1003/185941.964:ERROR:simple_index_file.cc(302)] Could not create a directory to hold the index file
[1003/190011.993:ERROR:simple_index_file.cc(302)] Could not create a directory to hold the index file
[1003/190057.521:ERROR:simple_index_file.cc(302)] Could not create a directory to hold the index file
[1003/192341.109:ERROR:simple_index_file.cc(302)] Could not create a directory to hold the index file
[1003/192341.907:WARNING:dns_config_service_win.cc(584)] Failed to read DnsConfig.
[1003/192346.922:WARNING:dns_config_service_win.cc(584)] Failed to read DnsConfig.
[1003/205532.895:ERROR:simple_index_file.cc(302)] Could not create a directory to hold the index file
[1003/205532.968:WARNING:dns_config_service_win.cc(584)] Failed to read DnsConfig.
[1003/214606.228:WARNING:dns_config_service_win.cc(584)] Failed to read DnsConfig.
[1003/214625.686:ERROR:simple_index_file.cc(302)] Could not create a directory to hold the index file
[1003/214655.727:ERROR:simple_index_file.cc(302)] Could not create a directory to hold the index file
[1003/214731.293:ERROR:simple_index_file.cc(302)] Could not create a directory to hold the index file
[1003/214801.334:ERROR:simple_index_file.cc(302)] Could not create a directory to hold the index file
[1003/214831.386:ERROR:simple_index_file.cc(302)] Could not create a directory to hold the index file
[1003/214901.435:ERROR:simple_index_file.cc(302)] Could not create a directory to hold the index file
[1003/214931.480:ERROR:simple_index_file.cc(302)] Could not create a directory to hold the index file
[1003/215001.515:ERROR:simple_index_file.cc(302)] Could not create a directory to hold the index file
[1003/215031.599:ERROR:simple_index_file.cc(302)] Could not create a directory to hold the index file
[1003/215101.619:ERROR:simple_index_file.cc(302)] Could not create a directory to hold the index file
[1003/215131.662:ERROR:simple_index_file.cc(302)] Could not create a directory to hold the index file
[1003/215201.707:ERROR:simple_index_file.cc(302)] Could not create a directory to hold the index file
[1003/215231.757:ERROR:simple_index_file.cc(302)] Could not create a directory to hold the index file
[1003/215301.827:ERROR:simple_index_file.cc(302)] Could not create a directory to hold the index file
[1003/215331.868:ERROR:simple_index_file.cc(302)] Could not create a directory to hold the index file
[1003/215401.921:ERROR:simple_index_file.cc(302)] Could not create a directory to hold the index file
[1003/215431.968:ERROR:simple_index_file.cc(302)] Could not create a directory to hold the index file
[1003/215502.030:ERROR:simple_index_file.cc(302)] Could not create a directory to hold the index file
[1003/215532.078:ERROR:simple_index_file.cc(302)] Could not create a directory to hold the index file
[1003/215602.124:ERROR:simple_index_file.cc(302)] Could not create a directory to hold the index file
[1003/215632.166:ERROR:simple_index_file.cc(302)] Could not create a directory to hold the index file
[1003/215702.221:ERROR:simple_index_file.cc(302)] Could not create a directory to hold the index file
[1003/215732.262:ERROR:simple_index_file.cc(302)] Could not create a directory to hold the index file
[1003/215802.306:ERROR:simple_index_file.cc(302)] Could not create a directory to hold the index file
[1003/215832.363:ERROR:simple_index_file.cc(302)] Could not create a directory to hold the index file
[1003/215902.401:ERROR:simple_index_file.cc(302)] Could not create a directory to hold the index file
[1003/215932.457:ERROR:simple_index_file.cc(302)] Could not create a directory to hold the index file
[1003/220002.497:ERROR:simple_index_file.cc(302)] Could not create a directory to hold the index file
[1003/220032.552:ERROR:simple_index_file.cc(302)] Could not create a directory to hold the index file
[1003/220102.603:ERROR:simple_index_file.cc(302)] Could not create a directory to hold the index file
[1003/220132.650:ERROR:simple_index_file.cc(302)] Could not create a directory to hold the index file
[1003/220202.691:ERROR:simple_index_file.cc(302)] Could not create a directory to hold the index file
[1003/220232.739:ERROR:simple_index_file.cc(302)] Could not create a directory to hold the index file
[1003/220302.782:ERROR:simple_index_file.cc(302)] Could not create a directory to hold the index file
[1003/220332.825:ERROR:simple_index_file.cc(302)] Could not create a directory to hold the index file
[1003/220402.877:ERROR:simple_index_file.cc(302)] Could not create a directory to hold the index file
[1003/220432.928:ERROR:simple_index_file.cc(302)] Could not create a directory to hold the index file
[1003/220502.959:ERROR:simple_index_file.cc(302)] Could not create a directory to hold the index file
[1003/220533.001:ERROR:simple_index_file.cc(302)] Could not create a directory to hold the index file
[1003/220603.053:ERROR:simple_index_file.cc(302)] Could not create a directory to hold the index file
[1003/220633.102:ERROR:simple_index_file.cc(302)] Could not create a directory to hold the index file
[1003/220703.152:ERROR:simple_index_file.cc(302)] Could not create a directory to hold the index file
[1003/220733.205:ERROR:simple_index_file.cc(302)] Could not create a directory to hold the index file
[1003/220803.259:ERROR:simple_index_file.cc(302)] Could not create a directory to hold the index file
[1003/220833.303:ERROR:simple_index_file.cc(302)] Could not create a directory to hold the index file
[1003/220903.345:ERROR:simple_index_file.cc(302)] Could not create a directory to hold the index file
[1003/220933.400:ERROR:simple_index_file.cc(302)] Could not create a directory to hold the index file
[1003/221003.447:ERROR:simple_index_file.cc(302)] Could not create a directory to hold the index file
[1003/221033.502:ERROR:simple_index_file.cc(302)] Could not create a directory to hold the index file
[1003/221103.554:ERROR:simple_index_file.cc(302)] Could not create a directory to hold the index file
[1003/221133.610:ERROR:simple_index_file.cc(302)] Could not create a directory to hold the index file
[1003/221203.650:ERROR:simple_index_file.cc(302)] Could not create a directory to hold the index file
[1003/221233.702:ERROR:simple_index_file.cc(302)] Could not create a directory to hold the index file
[1003/221303.753:ERROR:simple_index_file.cc(302)] Could not create a directory to hold the index file
[1003/221333.802:ERROR:simple_index_file.cc(302)] Could not create a directory to hold the index file
[1003/221403.882:ERROR:simple_index_file.cc(302)] Could not create a directory to hold the index file
[1003/221433.929:ERROR:simple_index_file.cc(302)] Could not create a directory to hold the index file
[1003/221503.965:ERROR:simple_index_file.cc(302)] Could not create a directory to hold the index file
[1003/221533.991:ERROR:simple_index_file.cc(302)] Could not create a directory to hold the index file
[1003/221604.024:ERROR:simple_index_file.cc(302)] Could not create a directory to hold the index file
[1003/221634.067:ERROR:simple_index_file.cc(302)] Could not create a directory to hold the index file
[1003/221704.103:ERROR:simple_index_file.cc(302)] Could not create a directory to hold the index file
[1003/221734.125:ERROR:simple_index_file.cc(302)] Could not create a directory to hold the index file
[1003/221804.167:ERROR:simple_index_file.cc(302)] Could not create a directory to hold the index file
[1003/221834.193:ERROR:simple_index_file.cc(302)] Could not create a directory to hold the index file
[1003/221904.251:ERROR:simple_index_file.cc(302)] Could not create a directory to hold the index file
[1003/221934.292:ERROR:simple_index_file.cc(302)] Could not create a directory to hold the index file
[1003/222004.322:ERROR:simple_index_file.cc(302)] Could not create a directory to hold the index file
[1003/222034.362:ERROR:simple_index_file.cc(302)] Could not create a directory to hold the index file
[1003/222104.405:ERROR:simple_index_file.cc(302)] Could not create a directory to hold the index file
[1003/222134.435:ERROR:simple_index_file.cc(302)] Could not create a directory to hold the index file
[1003/222204.471:ERROR:simple_index_file.cc(302)] Could not create a directory to hold the index file
[1003/222211.117:WARNING:dns_config_service_win.cc(584)] Failed to read DnsConfig.
[1003/222234.510:ERROR:simple_index_file.cc(302)] Could not create a directory to hold the index file
[1003/222304.538:ERROR:simple_index_file.cc(302)] Could not create a directory to hold the index file
[1003/222334.591:ERROR:simple_index_file.cc(302)] Could not create a directory to hold the index file
[1003/222404.629:ERROR:simple_index_file.cc(302)] Could not create a directory to hold the index file
[1003/222434.650:ERROR:simple_index_file.cc(302)] Could not create a directory to hold the index file
[1003/222504.689:ERROR:simple_index_file.cc(302)] Could not create a directory to hold the index file
[1003/222534.725:ERROR:simple_index_file.cc(302)] Could not create a directory to hold the index file
[1003/222604.764:ERROR:simple_index_file.cc(302)] Could not create a directory to hold the index file
[1003/222634.802:ERROR:simple_index_file.cc(302)] Could not create a directory to hold the index file
[1003/222704.834:ERROR:simple_index_file.cc(302)] Could not create a directory to hold the index file
[1003/222734.871:ERROR:simple_index_file.cc(302)] Could not create a directory to hold the index file
[1003/222804.914:ERROR:simple_index_file.cc(302)] Could not create a directory to hold the index file
[1003/222834.956:ERROR:simple_index_file.cc(302)] Could not create a directory to hold the index file
[1003/222905.008:ERROR:simple_index_file.cc(302)] Could not create a directory to hold the index file
[1003/222935.041:ERROR:simple_index_file.cc(302)] Could not create a directory to hold the index file
[1003/223005.062:ERROR:simple_index_file.cc(302)] Could not create a directory to hold the index file
[1003/223035.112:ERROR:simple_index_file.cc(302)] Could not create a directory to hold the index file
[1003/223105.156:ERROR:simple_index_file.cc(302)] Could not create a directory to hold the index file
[1003/223135.211:ERROR:simple_index_file.cc(302)] Could not create a directory to hold the index file
[1003/223205.248:ERROR:simple_index_file.cc(302)] Could not create a directory to hold the index file
[1003/223235.290:ERROR:simple_index_file.cc(302)] Could not create a directory to hold the index file
[1003/223305.331:ERROR:simple_index_file.cc(302)] Could not create a directory to hold the index file
[1003/223335.359:ERROR:simple_index_file.cc(302)] Could not create a directory to hold the index file
[1003/223405.402:ERROR:simple_index_file.cc(302)] Could not create a directory to hold the index file
[1003/223435.427:ERROR:simple_index_file.cc(302)] Could not create a directory to hold the index file
